# JRE version: Java(TM) SE Runtime Environment (8.0_112-b15) (build 1.8.0_112-b15)
# Java VM: Java HotSpot(TM) 64-Bit Server VM (25.112-b15 mixed mode windows-amd64 compressed oops)
Heap:
 PSYoungGen      total 56320K, used 13203K [0x00000007bc400000, 0x00000007c0000000, 0x00000007c0000000)
  eden space 51200K, 20% used [0x00000007bc400000,0x00000007bce11528,0x00000007bf600000)
  from space 5120K, 56% used [0x00000007bfb00000,0x00000007bfdd37b8,0x00000007c0000000)
  to   space 5120K, 0% used [0x00000007bf600000,0x00000007bf600000,0x00000007bfb00000)
 ParOldGen       total 221184K, used 61061K [0x0000000700000000, 0x000000070d800000, 0x00000007bc400000)
  object space 221184K, 27% used [0x0000000700000000,0x0000000703ba1488,0x000000070d800000)
 Metaspace       used 73203K, capacity 73955K, committed 74624K, reserved 1114112K
  class space    used 9908K, capacity 10063K, committed 10112K, reserved 1048576K
GC Heap History (10 events):
Event: 964.225 GC heap before
{Heap before GC invocations=166 (full 12):
 PSYoungGen      total 55296K, used 2017K [0x00000007bc400000, 0x00000007c0000000, 0x00000007c0000000)
  eden space 49152K, 0% used [0x00000007bc400000,0x00000007bc400000,0x00000007bf400000)
  from space 6144K, 32% used [0x00000007bfa00000,0x00000007bfbf8760,0x00000007c0000000)
  to   space 6144K, 0% used [0x00000007bf400000,0x00000007bf400000,0x00000007bfa00000)
 ParOldGen       total 221184K, used 61603K [0x0000000700000000, 0x000000070d800000, 0x00000007bc400000)
  object space 221184K, 27% used [0x0000000700000000,0x0000000703c28c90,0x000000070d800000)
 Metaspace       used 73096K, capacity 73827K, committed 74368K, reserved 1114112K
  class space    used 9896K, capacity 10063K, committed 10112K, reserved 1048576K
Event: 964.416 GC heap after
Heap after GC invocations=166 (full 12):
 PSYoungGen      total 55296K, used 0K [0x00000007bc400000, 0x00000007c0000000, 0x00000007c0000000)
  eden space 49152K, 0% used [0x00000007bc400000,0x00000007bc400000,0x00000007bf400000)
  from space 6144K, 0% used [0x00000007bfa00000,0x00000007bfa00000,0x00000007c0000000)
  to   space 6144K, 0% used [0x00000007bf400000,0x00000007bf400000,0x00000007bfa00000)
 ParOldGen       total 221184K, used 61053K [0x0000000700000000, 0x000000070d800000, 0x00000007bc400000)
  object space 221184K, 27% used [0x0000000700000000,0x0000000703b9f488,0x000000070d800000)
 Metaspace       used 73096K, capacity 73827K, committed 74368K, reserved 1114112K
  class space    used 9896K, capacity 10063K, committed 10112K, reserved 1048576K
}
Event: 965.172 GC heap before
{Heap before GC invocations=167 (full 12):
 PSYoungGen      total 55296K, used 49152K [0x00000007bc400000, 0x00000007c0000000, 0x00000007c0000000)
  eden space 49152K, 100% used [0x00000007bc400000,0x00000007bf400000,0x00000007bf400000)
  from space 6144K, 0% used [0x00000007bfa00000,0x00000007bfa00000,0x00000007c0000000)
  to   space 6144K, 0% used [0x00000007bf400000,0x00000007bf400000,0x00000007bfa00000)
 ParOldGen       total 221184K, used 61053K [0x0000000700000000, 0x000000070d800000, 0x00000007bc400000)
  object space 221184K, 27% used [0x0000000700000000,0x0000000703b9f488,0x000000070d800000)
 Metaspace       used 73118K, capacity 73827K, committed 74368K, reserved 1114112K
  class space    used 9902K, capacity 10063K, committed 10112K, reserved 1048576K
Event: 965.175 GC heap after
Heap after GC invocations=167 (full 12):
 PSYoungGen      total 55296K, used 2897K [0x00000007bc400000, 0x00000007c0000000, 0x00000007c0000000)
  eden space 49152K, 0% used [0x00000007bc400000,0x00000007bc400000,0x00000007bf400000)
  from space 6144K, 47% used [0x00000007bf400000,0x00000007bf6d4650,0x00000007bfa00000)
  to   space 5632K, 0% used [0x00000007bfa80000,0x00000007bfa80000,0x00000007c0000000)
 ParOldGen       total 221184K, used 61053K [0x0000000700000000, 0x000000070d800000, 0x00000007bc400000)
  object space 221184K, 27% used [0x0000000700000000,0x0000000703b9f488,0x000000070d800000)
 Metaspace       used 73118K, capacity 73827K, committed 74368K, reserved 1114112K
  class space    used 9902K, capacity 10063K, committed 10112K, reserved 1048576K
}
Event: 965.610 GC heap before
{Heap before GC invocations=168 (full 12):
 PSYoungGen      total 55296K, used 52049K [0x00000007bc400000, 0x00000007c0000000, 0x00000007c0000000)
  eden space 49152K, 100% used [0x00000007bc400000,0x00000007bf400000,0x00000007bf400000)
  from space 6144K, 47% used [0x00000007bf400000,0x00000007bf6d4650,0x00000007bfa00000)
  to   space 5632K, 0% used [0x00000007bfa80000,0x00000007bfa80000,0x00000007c0000000)
 ParOldGen       total 221184K, used 61053K [0x0000000700000000, 0x000000070d800000, 0x00000007bc400000)
  object space 221184K, 27% used [0x0000000700000000,0x0000000703b9f488,0x000000070d800000)
 Metaspace       used 73118K, capacity 73827K, committed 74368K, reserved 1114112K
  class space    used 9902K, capacity 10063K, committed 10112K, reserved 1048576K
Event: 965.614 GC heap after
Heap after GC invocations=168 (full 12):
 PSYoungGen      total 55808K, used 1669K [0x00000007bc400000, 0x00000007c0000000, 0x00000007c0000000)
  eden space 50176K, 0% used [0x00000007bc400000,0x00000007bc400000,0x00000007bf500000)
  from space 5632K, 29% used [0x00000007bfa80000,0x00000007bfc21770,0x00000007c0000000)
  to   space 5632K, 0% used [0x00000007bf500000,0x00000007bf500000,0x00000007bfa80000)
 ParOldGen       total 221184K, used 61053K [0x0000000700000000, 0x000000070d800000, 0x00000007bc400000)
  object space 221184K, 27% used [0x0000000700000000,0x0000000703b9f488,0x000000070d800000)
 Metaspace       used 73118K, capacity 73827K, committed 74368K, reserved 1114112K
  class space    used 9902K, capacity 10063K, committed 10112K, reserved 1048576K
}
Event: 969.863 GC heap before
{Heap before GC invocations=169 (full 12):
 PSYoungGen      total 55808K, used 51845K [0x00000007bc400000, 0x00000007c0000000, 0x00000007c0000000)
  eden space 50176K, 100% used [0x00000007bc400000,0x00000007bf500000,0x00000007bf500000)
  from space 5632K, 29% used [0x00000007bfa80000,0x00000007bfc21770,0x00000007c0000000)
  to   space 5632K, 0% used [0x00000007bf500000,0x00000007bf500000,0x00000007bfa80000)
 ParOldGen       total 221184K, used 61053K [0x0000000700000000, 0x000000070d800000, 0x00000007bc400000)
  object space 221184K, 27% used [0x0000000700000000,0x0000000703b9f488,0x000000070d800000)
 Metaspace       used 73177K, capacity 73891K, committed 74624K, reserved 1114112K
  class space    used 9908K, capacity 10063K, committed 10112K, reserved 1048576K
Event: 969.867 GC heap after
Heap after GC invocations=169 (full 12):
 PSYoungGen      total 55808K, used 2792K [0x00000007bc400000, 0x00000007c0000000, 0x00000007c0000000)
  eden space 50176K, 0% used [0x00000007bc400000,0x00000007bc400000,0x00000007bf500000)
  from space 5632K, 49% used [0x00000007bf500000,0x00000007bf7ba230,0x00000007bfa80000)
  to   space 5120K, 0% used [0x00000007bfb00000,0x00000007bfb00000,0x00000007c0000000)
 ParOldGen       total 221184K, used 61053K [0x0000000700000000, 0x000000070d800000, 0x00000007bc400000)
  object space 221184K, 27% used [0x0000000700000000,0x0000000703b9f488,0x000000070d800000)
 Metaspace       used 73177K, capacity 73891K, committed 74624K, reserved 1114112K
  class space    used 9908K, capacity 10063K, committed 10112K, reserved 1048576K
}
Event: 972.363 GC heap before
{Heap before GC invocations=170 (full 12):
 PSYoungGen      total 55808K, used 52968K [0x00000007bc400000, 0x00000007c0000000, 0x00000007c0000000)
  eden space 50176K, 100% used [0x00000007bc400000,0x00000007bf500000,0x00000007bf500000)
  from space 5632K, 49% used [0x00000007bf500000,0x00000007bf7ba230,0x00000007bfa80000)
  to   space 5120K, 0% used [0x00000007bfb00000,0x00000007bfb00000,0x00000007c0000000)
 ParOldGen       total 221184K, used 61053K [0x0000000700000000, 0x000000070d800000, 0x00000007bc400000)
  object space 221184K, 27% used [0x0000000700000000,0x0000000703b9f488,0x000000070d800000)
 Metaspace       used 73201K, capacity 73955K, committed 74624K, reserved 1114112K
  class space    used 9908K, capacity 10063K, committed 10112K, reserved 1048576K
Event: 972.367 GC heap after
Heap after GC invocations=170 (full 12):
 PSYoungGen      total 56320K, used 2893K [0x00000007bc400000, 0x00000007c0000000, 0x00000007c0000000)
  eden space 51200K, 0% used [0x00000007bc400000,0x00000007bc400000,0x00000007bf600000)
  from space 5120K, 56% used [0x00000007bfb00000,0x00000007bfdd37b8,0x00000007c0000000)
  to   space 5120K, 0% used [0x00000007bf600000,0x00000007bf600000,0x00000007bfb00000)
 ParOldGen       total 221184K, used 61061K [0x0000000700000000, 0x000000070d800000, 0x00000007bc400000)
  object space 221184K, 27% used [0x0000000700000000,0x0000000703ba1488,0x000000070d800000)
 Metaspace       used 73201K, capacity 73955K, committed 74624K, reserved 1114112K
  class space    used 9908K, capacity 10063K, committed 10112K, reserved 1048576K
}

